build/app/outputs/mapping/release/seeds.txt
com.royal.trust.MainActivity
com.royal.trust.MainActivity: MainActivity()
...
com.google.android.gms.cloudmessaging.zzd: android.os.Parcelable$Creator CREATOR
com.facebook.share.model.SharePhotoContent: android.os.Parcelable$Creator CREATOR
androidx.window.layout.SidecarWindowBackend$ExtensionListenerImpl: androidx.window.layout.SidecarWindowBackend this$0
androidx.window.layout.FoldingFeature$OcclusionType: androidx.window.layout.FoldingFeature$OcclusionType$Companion Companion
androidx.window.embedding.ActivityFilter: java.lang.String intentAction
kotlinx.coroutines.scheduling.WorkQueue: java.lang.Object lastScheduledTask
kotlin.jvm.internal.CallableReference: java.lang.Object receiver
androidx.window.layout.FoldingFeature$State: java.lang.String description
io.flutter.embedding.engine.renderer.SurfaceTextureWrapper: android.graphics.SurfaceTexture surfaceTexture
com.dexterous.flutterlocalnotifications.models.NotificationDetails: java.lang.String BOT
com.dexterous.flutterlocalnotifications.models.NotificationDetails: java.lang.String MATCH_DATE_TIME_COMPONENTS
com.google.android.gms.common.internal.zav: android.os.Parcelable$Creator CREATOR
androidx.lifecycle.Lifecycle$Event: androidx.lifecycle.Lifecycle$Event ON_PAUSE
com.dexterous.flutterlocalnotifications.models.NotificationDetails: java.lang.String channelDescription
com.dexterous.flutterlocalnotifications.models.NotificationDetails: java.lang.String HTML_FORMAT_CONTENT
com.dexterous.flutterlocalnotifications.models.NotificationChannelAction: com.dexterous.flutterlocalnotifications.models.NotificationChannelAction Update
com.dexterous.flutterlocalnotifications.models.styles.BigTextStyleInformation: java.lang.String summaryText
kotlinx.coroutines.internal.ThreadSafeHeap: int _size
com.dexterous.flutterlocalnotifications.models.Time: java.lang.Integer minute
com.dexterous.flutterlocalnotifications.models.styles.BigPictureStyleInformation: com.dexterous.flutterlocalnotifications.models.BitmapSource bigPictureBitmapSource
androidx.window.layout.HardwareFoldingFeature: androidx.window.core.Bounds featureBounds
io.flutter.embedding.engine.FlutterJNI: java.util.Set engineLifecycleListeners
com.google.android.gms.maps.model.Cap: android.os.Parcelable$Creator CREATOR
androidx.window.embedding.SplitController: java.util.concurrent.locks.ReentrantLock globalLock
com.dexterous.flutterlocalnotifications.models.styles.BigPictureStyleInformation: java.lang.Boolean htmlFormatContentTitle
androidx.window.R$id: int locale
com.dexterous.flutterlocalnotifications.models.NotificationDetails: java.lang.String ticker
androidx.window.R$styleable: int SplitPairRule_finishSecondaryWithPrimary
androidx.window.layout.FoldingFeature$OcclusionType: java.lang.String description
com.dexterous.flutterlocalnotifications.models.styles.InboxStyleInformation: java.util.ArrayList lines
com.dexterous.flutterlocalnotifications.models.NotificationDetails: java.lang.Boolean fullScreenIntent
com.dexterous.flutterlocalnotifications.models.NotificationDetails: java.lang.String GROUP_CONVERSATION
com.google.android.gms.maps.model.VisibleRegion: android.os.Parcelable$Creator CREATOR
io.flutter.embedding.engine.FlutterJNI: io.flutter.plugin.localization.LocalizationPlugin localizationPlugin
com.dexterous.flutterlocalnotifications.models.NotificationDetails: java.lang.String CONTENT_TITLE
com.facebook.share.model.ShareMediaContent: android.os.Parcelable$Creator CREATOR
com.dexterous.flutterlocalnotifications.models.NotificationChannelDetails: java.lang.String SOUND_SOURCE
io.flutter.plugin.editing.ImeSyncDeferringInsetsCallback: boolean needsSave
com.dexterous.flutterlocalnotifications.FlutterLocalNotificationsPlugin: android.content.Intent launchIntent
com.dexterous.flutterlocalnotifications.models.NotificationDetails: java.lang.String LED_OFF_MS
com.dexterous.flutterlocalnotifications.models.NotificationDetails: com.dexterous.flutterlocalnotifications.models.ScheduledNotificationRepeatFrequency scheduledNotificationRepeatFrequency