build/app/outputs/mapping/release/mapping.txt
# compiler: R8
# compiler_version: 3.3.70
# min_api: 21
# common_typos_disable
# {"id":"com.android.tools.r8.mapping","version":"2.0"}
# pg_map_id: ec1b54b
# pg_map_hash: SHA-256 ec1b54b9364c10169908d7c08119c8946c8c78d378aa886e6bc19decfd3ed1a3
...
com.google.gson.internal.bind.ObjectTypeAdapter$2 -> w6.j$b:
    int[] $SwitchMap$com$google$gson$stream$JsonToken -> a
com.google.gson.internal.bind.ReflectiveTypeAdapterFactory -> w6.k:
    com.google.gson.internal.ConstructorConstructor constructorConstructor -> f
    com.google.gson.internal.bind.JsonAdapterAnnotationTypeAdapterFactory jsonAdapterFactory -> i
    com.google.gson.internal.reflect.ReflectionAccessor accessor -> j
    com.google.gson.FieldNamingStrategy fieldNamingPolicy -> g
    com.google.gson.internal.Excluder excluder -> h
    com.google.gson.internal.bind.ReflectiveTypeAdapterFactory$BoundField createBoundField(com.google.gson.Gson,java.lang.reflect.Field,java.lang.String,com.google.gson.reflect.TypeToken,boolean,boolean) -> a
    boolean excludeField(java.lang.reflect.Field,boolean) -> b
    boolean excludeField(java.lang.reflect.Field,boolean,com.google.gson.internal.Excluder) -> c
    java.util.Map getBoundFields(com.google.gson.Gson,com.google.gson.reflect.TypeToken,java.lang.Class) -> d
    java.util.List getFieldNames(java.lang.reflect.Field) -> e
com.google.gson.internal.bind.ReflectiveTypeAdapterFactory$1 -> w6.k$a:
    com.google.gson.TypeAdapter val$typeAdapter -> f
    boolean val$isPrimitive -> i
    java.lang.reflect.Field val$field -> d
    boolean val$jsonAdapterPresent -> e
    com.google.gson.internal.bind.ReflectiveTypeAdapterFactory this$0 -> j
    com.google.gson.reflect.TypeToken val$fieldType -> h
    com.google.gson.Gson val$context -> g
    void read(com.google.gson.stream.JsonReader,java.lang.Object) -> a
    void write(com.google.gson.stream.JsonWriter,java.lang.Object) -> b
    boolean writeField(java.lang.Object) -> c
com.google.gson.internal.bind.ReflectiveTypeAdapterFactory$Adapter -> w6.k$b:
    java.util.Map boundFields -> b
    com.google.gson.internal.ObjectConstructor constructor -> a
    java.lang.Object read(com.google.gson.stream.JsonReader) -> c
    void write(com.google.gson.stream.JsonWriter,java.lang.Object) -> e
com.google.gson.internal.bind.ReflectiveTypeAdapterFactory$BoundField -> w6.k$c:
    java.lang.String name -> a
    boolean serialized -> b
    boolean deserialized -> c
    void read(com.google.gson.stream.JsonReader,java.lang.Object) -> a
    void write(com.google.gson.stream.JsonWriter,java.lang.Object) -> b
    boolean writeField(java.lang.Object) -> c
com.google.gson.internal.bind.TreeTypeAdapter -> w6.l:
    com.google.gson.Gson gson -> c
    com.google.gson.internal.bind.TreeTypeAdapter$GsonContextImpl context -> f
    com.google.gson.TypeAdapterFactory skipPast -> e
    com.google.gson.TypeAdapter delegate -> g
    com.google.gson.JsonDeserializer deserializer -> b
    com.google.gson.JsonSerializer serializer -> a
    com.google.gson.reflect.TypeToken typeToken -> d
    java.lang.Object read(com.google.gson.stream.JsonReader) -> c
    void write(com.google.gson.stream.JsonWriter,java.lang.Object) -> e
    com.google.gson.TypeAdapter delegate() -> f
com.google.gson.internal.bind.TreeTypeAdapter$1 -> w6.l$a:
com.google.gson.internal.bind.TreeTypeAdapter$GsonContextImpl -> w6.l$b:
    com.google.gson.internal.bind.TreeTypeAdapter this$0 -> a
com.google.gson.internal.bind.TypeAdapterRuntimeTypeWrapper -> w6.m:
    com.google.gson.Gson context -> a
    java.lang.reflect.Type type -> c
    com.google.gson.TypeAdapter delegate -> b
    java.lang.Object read(com.google.gson.stream.JsonReader) -> c
    void write(com.google.gson.stream.JsonWriter,java.lang.Object) -> e
    java.lang.reflect.Type getRuntimeTypeIfMoreSpecific(java.lang.reflect.Type,java.lang.Object) -> f