build/app/outputs/mapping/release/usage.txt
com.royal.trust.BuildConfig
com.royal.trust.R$anim
com.royal.trust.R$animator
com.royal.trust.R$attr
com.royal.trust.R$bool
com.royal.trust.R$color
com.royal.trust.R$dimen
com.royal.trust.R$drawable
com.royal.trust.R$id
com.royal.trust.R$integer
com.royal.trust.R$interpolator
com.royal.trust.R$layout
com.royal.trust.R$mipmap
com.royal.trust.R$raw
com.royal.trust.R$string
com.royal.trust.R$style
com.royal.trust.R$styleable
com.royal.trust.R$xml
com.royal.trust.R
...
android.support.v4.media.session.MediaSessionCompat$QueueItem:
    public static final int UNKNOWN_ID
    public void <init>(android.support.v4.media.MediaDescriptionCompat,long)
    public android.support.v4.media.MediaDescriptionCompat getDescription()
    public long getQueueId()
    public java.lang.Object getQueueItem()
android.support.v4.media.session.MediaSessionCompat$ResultReceiverWrapper:
    public void <init>(android.os.ResultReceiver)
android.support.v4.media.session.MediaSessionCompat$SessionFlags
android.support.v4.media.session.MediaSessionCompat$Token:
    void <init>(java.lang.Object,android.support.v4.media.session.IMediaSession)
    public static android.support.v4.media.session.MediaSessionCompat$Token fromBundle(android.os.Bundle)
    public static android.support.v4.media.session.MediaSessionCompat$Token fromToken(java.lang.Object)
    public static android.support.v4.media.session.MediaSessionCompat$Token fromToken(java.lang.Object,android.support.v4.media.session.IMediaSession)
    public androidx.versionedparcelable.VersionedParcelable getSession2Token()
    public android.os.Bundle toBundle()
android.support.v4.media.session.MediaSessionCompat:
    public static final java.lang.String ACTION_ARGUMENT_CAPTIONING_ENABLED
    public static final java.lang.String ACTION_ARGUMENT_EXTRAS
    public static final java.lang.String ACTION_ARGUMENT_MEDIA_ID
    public static final java.lang.String ACTION_ARGUMENT_PLAYBACK_SPEED
    public static final java.lang.String ACTION_ARGUMENT_QUERY
    public static final java.lang.String ACTION_ARGUMENT_RATING
    public static final java.lang.String ACTION_ARGUMENT_REPEAT_MODE
    public static final java.lang.String ACTION_ARGUMENT_SHUFFLE_MODE
    public static final java.lang.String ACTION_ARGUMENT_URI
    public static final java.lang.String ACTION_FLAG_AS_INAPPROPRIATE
    public static final java.lang.String ACTION_FOLLOW
    public static final java.lang.String ACTION_PLAY_FROM_URI
    public static final java.lang.String ACTION_PREPARE
    public static final java.lang.String ACTION_PREPARE_FROM_MEDIA_ID
    public static final java.lang.String ACTION_PREPARE_FROM_SEARCH
    public static final java.lang.String ACTION_PREPARE_FROM_URI
    public static final java.lang.String ACTION_SET_CAPTIONING_ENABLED
    public static final java.lang.String ACTION_SET_PLAYBACK_SPEED
    public static final java.lang.String ACTION_SET_RATING
    public static final java.lang.String ACTION_SET_REPEAT_MODE
    public static final java.lang.String ACTION_SET_SHUFFLE_MODE
    public static final java.lang.String ACTION_SKIP_AD
android.support.v4.media.session.ParcelableVolumeInfo:
    public void <init>(int,int,int,int,int)
android.support.v4.media.session.PlaybackStateCompat$Actions
android.support.v4.media.session.PlaybackStateCompat$Builder
android.support.v4.media.session.PlaybackStateCompat$CustomAction$Builder
android.support.v4.media.session.PlaybackStateCompat$CustomAction:
    public java.lang.String getAction()
    public java.lang.Object getCustomAction()
    public android.os.Bundle getExtras()
    public int getIcon()
    public java.lang.CharSequence getName()
android.support.v4.media.session.PlaybackStateCompat$ErrorCode
android.support.v4.media.session.PlaybackStateCompat$MediaKeyAction
android.support.v4.media.session.PlaybackStateCompat$RepeatMode
android.support.v4.media.session.PlaybackStateCompat$ShuffleMode
android.support.v4.media.session.PlaybackStateCompat$State